<?xml version="1.0" encoding="UTF-8"?>
<!-- Generated by org.testng.reporters.JUnitReportReporter -->
<testsuite hostname="DESKTOP-SAGJ2JU" failures="0" tests="1" name="practice.test" time="3.000" errors="0" timestamp="03 Apr 2021 18:17:39 GMT" skipped="0">
  <testcase classname="practice.test" name="test01" time="3.000"/>
</testsuite> <!-- practice.test -->
