<?xml version="1.0" encoding="UTF-8"?>
<!-- Generated by org.testng.reporters.JUnitReportReporter -->
<testsuite hostname="DESKTOP-SAGJ2JU" failures="0" tests="1" name="practice.PostReadFromExternalFile" time="2.946" errors="0" timestamp="04 Apr 2021 06:04:41 GMT" skipped="0">
  <testcase classname="practice.PostReadFromExternalFile" name="test02" time="2.946"/>
</testsuite> <!-- practice.PostReadFromExternalFile -->
