<?xml version="1.0" encoding="UTF-8"?>
<!-- Generated by org.testng.reporters.JUnitReportReporter -->
<testsuite hostname="DESKTOP-SAGJ2JU" failures="0" tests="1" name="CurrentWeatherData.GetCurrentWeatherByCityName" time="3.132" errors="0" timestamp="09 Sep 2021 13:55:54 GMT" skipped="0">
  <testcase classname="CurrentWeatherData.GetCurrentWeatherByCityName" name="ByCityName" time="3.132"/>
</testsuite> <!-- CurrentWeatherData.GetCurrentWeatherByCityName -->
