<?xml version="1.0" encoding="UTF-8"?>
<!-- Generated by org.testng.reporters.JUnitReportReporter -->
<testsuite hostname="DESKTOP-SAGJ2JU" failures="0" tests="1" name="practice.test2withHashmap" time="3.167" errors="0" timestamp="03 Apr 2021 18:57:38 GMT" skipped="0">
  <testcase classname="practice.test2withHashmap" name="test02" time="3.167"/>
</testsuite> <!-- practice.test2withHashmap -->
