<?xml version="1.0" encoding="UTF-8"?>
<!-- Generated by org.testng.reporters.JUnitReportReporter -->
<testsuite hostname="DESKTOP-SAGJ2JU" failures="0" tests="1" name="practice.ExtractJSON" time="6.261" errors="0" timestamp="08 Apr 2021 15:09:07 GMT" skipped="0">
  <testcase classname="practice.ExtractJSON" name="test01" time="6.261"/>
</testsuite> <!-- practice.ExtractJSON -->
