<?xml version="1.0" encoding="UTF-8"?>
<!-- Generated by org.testng.reporters.JUnitReportReporter -->
<testsuite hostname="DESKTOP-SAGJ2JU" failures="0" tests="1" name="practice.PayloadinSameClass" time="2.952" errors="0" timestamp="08 Sep 2021 08:01:02 GMT" skipped="0">
  <testcase classname="practice.PayloadinSameClass" name="test02" time="2.952"/>
</testsuite> <!-- practice.PayloadinSameClass -->
