<?xml version="1.0" encoding="UTF-8"?>
<!-- Generated by org.testng.reporters.JUnitReportReporter -->
<testsuite hostname="DESKTOP-SAGJ2JU" failures="0" tests="1" name="practice.PayloadwithExternalFile" time="2.969" errors="0" timestamp="08 Sep 2021 08:04:20 GMT" skipped="0">
  <testcase classname="practice.PayloadwithExternalFile" name="test02" time="2.969"/>
</testsuite> <!-- practice.PayloadwithExternalFile -->
