<?xml version="1.0" encoding="UTF-8"?>
<!-- Generated by org.testng.reporters.JUnitReportReporter -->
<testsuite hostname="DESKTOP-SAGJ2JU" failures="0" tests="1" name="practice.test1" time="2.195" errors="0" timestamp="08 Sep 2021 06:39:04 GMT" skipped="0">
  <testcase classname="practice.test1" name="test01" time="2.195"/>
</testsuite> <!-- practice.test1 -->
