<?xml version="1.0" encoding="UTF-8"?>
<!-- Generated by org.testng.reporters.JUnitReportReporter -->
<testsuite hostname="DESKTOP-SAGJ2JU" failures="0" tests="1" name="practice.test2" time="2.591" errors="0" timestamp="03 Apr 2021 18:45:34 GMT" skipped="0">
  <testcase classname="practice.test2" name="test02" time="2.591"/>
</testsuite> <!-- practice.test2 -->
